This is pdfTeX, Version 3.14159265-2.6-1.40.16 (TeX Live 2015/Debian) (preloaded format=pdflatex 2016.8.28)  12 MAY 2017 12:49
entering extended mode
 restricted \write18 enabled.
 %&-line parsing enabled.
**HW2.tex
(./HW2.tex
LaTeX2e <2016/02/01>
Babel <3.9q> and hyphenation patterns for 81 language(s) loaded.
(./ieeeconf.cls

LaTeX Warning: You have requested document class `ieeeconf',
               but the document class provides `cssconf'.

Document Class: cssconf 2004/1/15 revision V1.6b by Pradeep Misra
\@IEEEtrantmpdimenA=\dimen102
\@IEEEtrantmpdimenB=\dimen103
\@IEEEtrantmpcountA=\count79
\@IEEEtrantmpcountB=\count80
\@IEEEtrantmptoksA=\toks14
LaTeX Font Info:    Try loading font information for OT1+ptm on input line 794.

(/usr/share/texlive/texmf-dist/tex/latex/psnfss/ot1ptm.fd
File: ot1ptm.fd 2001/06/04 font definitions for OT1/ptm.
)
\@IEEEnormalsizefontbaselineskip=\skip41

-- This is a 10 point document.
\normalsizebaselineskip=\skip42
\normaljot=\skip43
LaTeX Font Info:    Font shape `OT1/ptm/bx/n' in size <5> not available
(Font)              Font shape `OT1/ptm/b/n' tried instead on input line 1113.
LaTeX Font Info:    Font shape `OT1/ptm/bx/it' in size <5> not available
(Font)              Font shape `OT1/ptm/b/it' tried instead on input line 1113.

LaTeX Font Info:    Font shape `OT1/ptm/bx/n' in size <7> not available
(Font)              Font shape `OT1/ptm/b/n' tried instead on input line 1113.
LaTeX Font Info:    Font shape `OT1/ptm/bx/it' in size <7> not available
(Font)              Font shape `OT1/ptm/b/it' tried instead on input line 1113.

LaTeX Font Info:    Font shape `OT1/ptm/bx/n' in size <8> not available
(Font)              Font shape `OT1/ptm/b/n' tried instead on input line 1113.
LaTeX Font Info:    Font shape `OT1/ptm/bx/it' in size <8> not available
(Font)              Font shape `OT1/ptm/b/it' tried instead on input line 1113.

LaTeX Font Info:    Font shape `OT1/ptm/bx/n' in size <9> not available
(Font)              Font shape `OT1/ptm/b/n' tried instead on input line 1113.
LaTeX Font Info:    Font shape `OT1/ptm/bx/it' in size <9> not available
(Font)              Font shape `OT1/ptm/b/it' tried instead on input line 1113.

LaTeX Font Info:    Font shape `OT1/ptm/bx/n' in size <10> not available
(Font)              Font shape `OT1/ptm/b/n' tried instead on input line 1113.
LaTeX Font Info:    Font shape `OT1/ptm/bx/it' in size <10> not available
(Font)              Font shape `OT1/ptm/b/it' tried instead on input line 1113.

LaTeX Font Info:    Font shape `OT1/ptm/bx/n' in size <11> not available
(Font)              Font shape `OT1/ptm/b/n' tried instead on input line 1113.
LaTeX Font Info:    Font shape `OT1/ptm/bx/it' in size <11> not available
(Font)              Font shape `OT1/ptm/b/it' tried instead on input line 1113.

LaTeX Font Info:    Font shape `OT1/ptm/bx/n' in size <12> not available
(Font)              Font shape `OT1/ptm/b/n' tried instead on input line 1113.
LaTeX Font Info:    Font shape `OT1/ptm/bx/it' in size <12> not available
(Font)              Font shape `OT1/ptm/b/it' tried instead on input line 1113.

LaTeX Font Info:    Font shape `OT1/ptm/bx/n' in size <16> not available
(Font)              Font shape `OT1/ptm/b/n' tried instead on input line 1113.
LaTeX Font Info:    Font shape `OT1/ptm/bx/it' in size <16> not available
(Font)              Font shape `OT1/ptm/b/it' tried instead on input line 1113.

LaTeX Font Info:    Font shape `OT1/ptm/bx/n' in size <20> not available
(Font)              Font shape `OT1/ptm/b/n' tried instead on input line 1113.
LaTeX Font Info:    Font shape `OT1/ptm/bx/it' in size <20> not available
(Font)              Font shape `OT1/ptm/b/it' tried instead on input line 1113.

LaTeX Font Info:    Font shape `OT1/ptm/bx/n' in size <24> not available
(Font)              Font shape `OT1/ptm/b/n' tried instead on input line 1113.
LaTeX Font Info:    Font shape `OT1/ptm/bx/it' in size <24> not available
(Font)              Font shape `OT1/ptm/b/it' tried instead on input line 1113.

\IEEEilabelindentA=\dimen104
\IEEEilabelindentB=\dimen105
\IEEEilabelindent=\dimen106
\IEEEelabelindent=\dimen107
\IEEEdlabelindent=\dimen108
\labelindent=\dimen109
\IEEEiednormlabelsep=\dimen110
\IEEEiedmathlabelsep=\dimen111
\IEEEiedtopsep=\skip44
\c@section=\count81
\c@subsection=\count82
\c@subsubsection=\count83
\c@paragraph=\count84
\c@IEEEsubequation=\count85
\abovecaptionskip=\skip45
\belowcaptionskip=\skip46
\c@figure=\count86
\c@table=\count87
\@IEEEeqnnumcols=\count88
\@IEEEeqncolcnt=\count89
\@IEEEtmpitemindent=\dimen112
\c@biography=\count90
\@IEEEtranrubishbin=\box26
)
** ATTENTION: Overriding command lockouts (line 9).
** ATTENTION: Overriding IEEE standard margins (line 12).
(/usr/share/texlive/texmf-dist/tex/latex/graphics/graphics.sty
Package: graphics 2016/01/03 v1.0q Standard LaTeX Graphics (DPC,SPQR)

(/usr/share/texlive/texmf-dist/tex/latex/graphics/trig.sty
Package: trig 2016/01/03 v1.10 sin cos tan (DPC)
)
(/usr/share/texlive/texmf-dist/tex/latex/latexconfig/graphics.cfg
File: graphics.cfg 2010/04/23 v1.9 graphics configuration of TeX Live
)
Package graphics Info: Driver file: pdftex.def on input line 95.

(/usr/share/texlive/texmf-dist/tex/latex/pdftex-def/pdftex.def
File: pdftex.def 2011/05/27 v0.06d Graphics/color for pdfTeX

(/usr/share/texlive/texmf-dist/tex/generic/oberdiek/infwarerr.sty
Package: infwarerr 2010/04/08 v1.3 Providing info/warning/error messages (HO)
)
(/usr/share/texlive/texmf-dist/tex/generic/oberdiek/ltxcmds.sty
Package: ltxcmds 2011/11/09 v1.22 LaTeX kernel commands for general use (HO)
)
\Gread@gobject=\count91
))
(/usr/share/texlive/texmf-dist/tex/latex/graphics/epsfig.sty
Package: epsfig 1999/02/16 v1.7a (e)psfig emulation (SPQR)

(/usr/share/texlive/texmf-dist/tex/latex/graphics/graphicx.sty
Package: graphicx 2014/10/28 v1.0g Enhanced LaTeX Graphics (DPC,SPQR)

(/usr/share/texlive/texmf-dist/tex/latex/graphics/keyval.sty
Package: keyval 2014/10/28 v1.15 key=value parser (DPC)
\KV@toks@=\toks15
)
\Gin@req@height=\dimen113
\Gin@req@width=\dimen114
)
\epsfxsize=\dimen115
\epsfysize=\dimen116
)
(/usr/share/texlive/texmf-dist/tex/latex/amsmath/amsmath.sty
Package: amsmath 2016/03/03 v2.15a AMS math features
\@mathmargin=\skip47

For additional information on amsmath, use the `?' option.
(/usr/share/texlive/texmf-dist/tex/latex/amsmath/amstext.sty
Package: amstext 2000/06/29 v2.01 AMS text

(/usr/share/texlive/texmf-dist/tex/latex/amsmath/amsgen.sty
File: amsgen.sty 1999/11/30 v2.0 generic functions
\@emptytoks=\toks16
\ex@=\dimen117
))
(/usr/share/texlive/texmf-dist/tex/latex/amsmath/amsbsy.sty
Package: amsbsy 1999/11/29 v1.2d Bold Symbols
\pmbraise@=\dimen118
)
(/usr/share/texlive/texmf-dist/tex/latex/amsmath/amsopn.sty
Package: amsopn 1999/12/14 v2.01 operator names
)
\inf@bad=\count92
LaTeX Info: Redefining \frac on input line 199.
\uproot@=\count93
\leftroot@=\count94
LaTeX Info: Redefining \overline on input line 297.
\classnum@=\count95
\DOTSCASE@=\count96
LaTeX Info: Redefining \ldots on input line 394.
LaTeX Info: Redefining \dots on input line 397.
LaTeX Info: Redefining \cdots on input line 518.
\Mathstrutbox@=\box27
\strutbox@=\box28
\big@size=\dimen119
LaTeX Font Info:    Redeclaring font encoding OML on input line 630.
LaTeX Font Info:    Redeclaring font encoding OMS on input line 631.
\macc@depth=\count97
\c@MaxMatrixCols=\count98
\dotsspace@=\muskip10
\c@parentequation=\count99
\dspbrk@lvl=\count100
\tag@help=\toks17
\row@=\count101
\column@=\count102
\maxfields@=\count103
\andhelp@=\toks18
\eqnshift@=\dimen120
\alignsep@=\dimen121
\tagshift@=\dimen122
\tagwidth@=\dimen123
\totwidth@=\dimen124
\lineht@=\dimen125
\@envbody=\toks19
\multlinegap=\skip48
\multlinetaggap=\skip49
\mathdisplay@stack=\toks20
LaTeX Info: Redefining \[ on input line 2735.
LaTeX Info: Redefining \] on input line 2736.
)
(/usr/share/texlive/texmf-dist/tex/latex/amsfonts/amssymb.sty
Package: amssymb 2013/01/14 v3.01 AMS font symbols

(/usr/share/texlive/texmf-dist/tex/latex/amsfonts/amsfonts.sty
Package: amsfonts 2013/01/14 v3.01 Basic AMSFonts support
\symAMSa=\mathgroup4
\symAMSb=\mathgroup5
LaTeX Font Info:    Overwriting math alphabet `\mathfrak' in version `bold'
(Font)                  U/euf/m/n --> U/euf/b/n on input line 106.
))
(/usr/share/texlive/texmf-dist/tex/latex/url/url.sty
\Urlmuskip=\muskip11
Package: url 2013/09/16  ver 3.4  Verb mode for urls, etc.
)
(/usr/share/texlive/texmf-dist/tex/latex/subfigure/subfigure.sty
Package: subfigure 2002/03/15 v2.1.5 subfigure package


Package subfigure Warning: Your document class has a bad definition
 of \endfigure, most likely
 \let\endfigure=\end@float
 which has now been changed to
 \def\endfigure{\end@float}
 because otherwise subsequent changes to \end@float
 (like done by several packages changing float behaviour)
 can't take effect on \endfigure.
 Please complain to your document class author.


Package subfigure Warning: Your document class has a bad definition
 of \endtable, most likely
 \let\endtable=\end@float
 which has now been changed to
 \def\endtable{\end@float}
 because otherwise subsequent changes to \end@float
 (like done by several packages changing float behaviour)
 can't take effect on \endtable.
 Please complain to your document class author.

\subfigtopskip=\skip50
\subfigcapskip=\skip51
\subfigcaptopadj=\dimen126
\subfigbottomskip=\skip52
\subfigcapmargin=\dimen127
\subfiglabelskip=\skip53
\c@subfigure=\count104
\c@lofdepth=\count105
\c@subtable=\count106
\c@lotdepth=\count107
****************************************
* Local config file subfigure.cfg used *
****************************************
(/usr/share/texlive/texmf-dist/tex/latex/subfigure/subfigure.cfg)
\subfig@top=\skip54
\subfig@bottom=\skip55
)
(/usr/share/texlive/texmf-dist/tex/latex/tools/xspace.sty
Package: xspace 2014/10/28 v1.13 Space after command names (DPC,MH)
)
(/usr/share/texlive/texmf-dist/tex/latex/pgfplots/pgfplots.sty
(/usr/share/texlive/texmf-dist/tex/generic/pgfplots/pgfplots.revision.tex)
Package: pgfplots 2016/01/06 v1.13 Data Visualization (1.13)

(/usr/share/texlive/texmf-dist/tex/latex/pgf/frontendlayer/tikz.sty
(/usr/share/texlive/texmf-dist/tex/latex/pgf/basiclayer/pgf.sty
(/usr/share/texlive/texmf-dist/tex/latex/pgf/utilities/pgfrcs.sty
(/usr/share/texlive/texmf-dist/tex/generic/pgf/utilities/pgfutil-common.tex
\pgfutil@everybye=\toks21
\pgfutil@tempdima=\dimen128
\pgfutil@tempdimb=\dimen129

(/usr/share/texlive/texmf-dist/tex/generic/pgf/utilities/pgfutil-common-lists.t
ex)) (/usr/share/texlive/texmf-dist/tex/generic/pgf/utilities/pgfutil-latex.def
\pgfutil@abb=\box29
(/usr/share/texlive/texmf-dist/tex/latex/ms/everyshi.sty
Package: everyshi 2001/05/15 v3.00 EveryShipout Package (MS)
))
(/usr/share/texlive/texmf-dist/tex/generic/pgf/utilities/pgfrcs.code.tex
Package: pgfrcs 2015/08/07 v3.0.1a (rcs-revision 1.31)
))
Package: pgf 2015/08/07 v3.0.1a (rcs-revision 1.15)

(/usr/share/texlive/texmf-dist/tex/latex/pgf/basiclayer/pgfcore.sty
(/usr/share/texlive/texmf-dist/tex/latex/pgf/systemlayer/pgfsys.sty
(/usr/share/texlive/texmf-dist/tex/generic/pgf/systemlayer/pgfsys.code.tex
Package: pgfsys 2014/07/09 v3.0.1a (rcs-revision 1.48)

(/usr/share/texlive/texmf-dist/tex/generic/pgf/utilities/pgfkeys.code.tex
\pgfkeys@pathtoks=\toks22
\pgfkeys@temptoks=\toks23

(/usr/share/texlive/texmf-dist/tex/generic/pgf/utilities/pgfkeysfiltered.code.t
ex
\pgfkeys@tmptoks=\toks24
))
\pgf@x=\dimen130
\pgf@y=\dimen131
\pgf@xa=\dimen132
\pgf@ya=\dimen133
\pgf@xb=\dimen134
\pgf@yb=\dimen135
\pgf@xc=\dimen136
\pgf@yc=\dimen137
\w@pgf@writea=\write3
\r@pgf@reada=\read1
\c@pgf@counta=\count108
\c@pgf@countb=\count109
\c@pgf@countc=\count110
\c@pgf@countd=\count111
\t@pgf@toka=\toks25
\t@pgf@tokb=\toks26
\t@pgf@tokc=\toks27
 (/usr/share/texlive/texmf-dist/tex/generic/pgf/systemlayer/pgf.cfg
File: pgf.cfg 2008/05/14  (rcs-revision 1.7)
)
Driver file for pgf: pgfsys-pdftex.def

(/usr/share/texlive/texmf-dist/tex/generic/pgf/systemlayer/pgfsys-pdftex.def
File: pgfsys-pdftex.def 2014/10/11  (rcs-revision 1.35)

(/usr/share/texlive/texmf-dist/tex/generic/pgf/systemlayer/pgfsys-common-pdf.de
f
File: pgfsys-common-pdf.def 2013/10/10  (rcs-revision 1.13)
)))
(/usr/share/texlive/texmf-dist/tex/generic/pgf/systemlayer/pgfsyssoftpath.code.
tex
File: pgfsyssoftpath.code.tex 2013/09/09  (rcs-revision 1.9)
\pgfsyssoftpath@smallbuffer@items=\count112
\pgfsyssoftpath@bigbuffer@items=\count113
)
(/usr/share/texlive/texmf-dist/tex/generic/pgf/systemlayer/pgfsysprotocol.code.
tex
File: pgfsysprotocol.code.tex 2006/10/16  (rcs-revision 1.4)
)) (/usr/share/texlive/texmf-dist/tex/latex/xcolor/xcolor.sty
Package: xcolor 2007/01/21 v2.11 LaTeX color extensions (UK)

(/usr/share/texlive/texmf-dist/tex/latex/latexconfig/color.cfg
File: color.cfg 2007/01/18 v1.5 color configuration of teTeX/TeXLive
)
Package xcolor Info: Driver file: pdftex.def on input line 225.
Package xcolor Info: Model `cmy' substituted by `cmy0' on input line 1337.
Package xcolor Info: Model `hsb' substituted by `rgb' on input line 1341.
Package xcolor Info: Model `RGB' extended on input line 1353.
Package xcolor Info: Model `HTML' substituted by `rgb' on input line 1355.
Package xcolor Info: Model `Hsb' substituted by `hsb' on input line 1356.
Package xcolor Info: Model `tHsb' substituted by `hsb' on input line 1357.
Package xcolor Info: Model `HSB' substituted by `hsb' on input line 1358.
Package xcolor Info: Model `Gray' substituted by `gray' on input line 1359.
Package xcolor Info: Model `wave' substituted by `hsb' on input line 1360.
)
(/usr/share/texlive/texmf-dist/tex/generic/pgf/basiclayer/pgfcore.code.tex
Package: pgfcore 2010/04/11 v3.0.1a (rcs-revision 1.7)

(/usr/share/texlive/texmf-dist/tex/generic/pgf/math/pgfmath.code.tex
(/usr/share/texlive/texmf-dist/tex/generic/pgf/math/pgfmathcalc.code.tex
(/usr/share/texlive/texmf-dist/tex/generic/pgf/math/pgfmathutil.code.tex)
(/usr/share/texlive/texmf-dist/tex/generic/pgf/math/pgfmathparser.code.tex
\pgfmath@dimen=\dimen138
\pgfmath@count=\count114
\pgfmath@box=\box30
\pgfmath@toks=\toks28
\pgfmath@stack@operand=\toks29
\pgfmath@stack@operation=\toks30
)
(/usr/share/texlive/texmf-dist/tex/generic/pgf/math/pgfmathfunctions.code.tex
(/usr/share/texlive/texmf-dist/tex/generic/pgf/math/pgfmathfunctions.basic.code
.tex)
(/usr/share/texlive/texmf-dist/tex/generic/pgf/math/pgfmathfunctions.trigonomet
ric.code.tex)
(/usr/share/texlive/texmf-dist/tex/generic/pgf/math/pgfmathfunctions.random.cod
e.tex)
(/usr/share/texlive/texmf-dist/tex/generic/pgf/math/pgfmathfunctions.comparison
.code.tex)
(/usr/share/texlive/texmf-dist/tex/generic/pgf/math/pgfmathfunctions.base.code.
tex)
(/usr/share/texlive/texmf-dist/tex/generic/pgf/math/pgfmathfunctions.round.code
.tex)
(/usr/share/texlive/texmf-dist/tex/generic/pgf/math/pgfmathfunctions.misc.code.
tex)
(/usr/share/texlive/texmf-dist/tex/generic/pgf/math/pgfmathfunctions.integerari
thmetics.code.tex)))
(/usr/share/texlive/texmf-dist/tex/generic/pgf/math/pgfmathfloat.code.tex
\c@pgfmathroundto@lastzeros=\count115
))
(/usr/share/texlive/texmf-dist/tex/generic/pgf/basiclayer/pgfcorepoints.code.te
x
File: pgfcorepoints.code.tex 2013/10/07  (rcs-revision 1.27)
\pgf@picminx=\dimen139
\pgf@picmaxx=\dimen140
\pgf@picminy=\dimen141
\pgf@picmaxy=\dimen142
\pgf@pathminx=\dimen143
\pgf@pathmaxx=\dimen144
\pgf@pathminy=\dimen145
\pgf@pathmaxy=\dimen146
\pgf@xx=\dimen147
\pgf@xy=\dimen148
\pgf@yx=\dimen149
\pgf@yy=\dimen150
\pgf@zx=\dimen151
\pgf@zy=\dimen152
)
(/usr/share/texlive/texmf-dist/tex/generic/pgf/basiclayer/pgfcorepathconstruct.
code.tex
File: pgfcorepathconstruct.code.tex 2013/10/07  (rcs-revision 1.29)
\pgf@path@lastx=\dimen153
\pgf@path@lasty=\dimen154
)
(/usr/share/texlive/texmf-dist/tex/generic/pgf/basiclayer/pgfcorepathusage.code
.tex
File: pgfcorepathusage.code.tex 2014/11/02  (rcs-revision 1.24)
\pgf@shorten@end@additional=\dimen155
\pgf@shorten@start@additional=\dimen156
)
(/usr/share/texlive/texmf-dist/tex/generic/pgf/basiclayer/pgfcorescopes.code.te
x
File: pgfcorescopes.code.tex 2015/05/08  (rcs-revision 1.46)
\pgfpic=\box31
\pgf@hbox=\box32
\pgf@layerbox@main=\box33
\pgf@picture@serial@count=\count116
)
(/usr/share/texlive/texmf-dist/tex/generic/pgf/basiclayer/pgfcoregraphicstate.c
ode.tex
File: pgfcoregraphicstate.code.tex 2014/11/02  (rcs-revision 1.12)
\pgflinewidth=\dimen157
)
(/usr/share/texlive/texmf-dist/tex/generic/pgf/basiclayer/pgfcoretransformation
s.code.tex
File: pgfcoretransformations.code.tex 2015/08/07  (rcs-revision 1.20)
\pgf@pt@x=\dimen158
\pgf@pt@y=\dimen159
\pgf@pt@temp=\dimen160
)
(/usr/share/texlive/texmf-dist/tex/generic/pgf/basiclayer/pgfcorequick.code.tex
File: pgfcorequick.code.tex 2008/10/09  (rcs-revision 1.3)
)
(/usr/share/texlive/texmf-dist/tex/generic/pgf/basiclayer/pgfcoreobjects.code.t
ex
File: pgfcoreobjects.code.tex 2006/10/11  (rcs-revision 1.2)
)
(/usr/share/texlive/texmf-dist/tex/generic/pgf/basiclayer/pgfcorepathprocessing
.code.tex
File: pgfcorepathprocessing.code.tex 2013/09/09  (rcs-revision 1.9)
)
(/usr/share/texlive/texmf-dist/tex/generic/pgf/basiclayer/pgfcorearrows.code.te
x
File: pgfcorearrows.code.tex 2015/05/14  (rcs-revision 1.43)
\pgfarrowsep=\dimen161
)
(/usr/share/texlive/texmf-dist/tex/generic/pgf/basiclayer/pgfcoreshade.code.tex
File: pgfcoreshade.code.tex 2013/07/15  (rcs-revision 1.15)
\pgf@max=\dimen162
\pgf@sys@shading@range@num=\count117
)
(/usr/share/texlive/texmf-dist/tex/generic/pgf/basiclayer/pgfcoreimage.code.tex
File: pgfcoreimage.code.tex 2013/07/15  (rcs-revision 1.18)

(/usr/share/texlive/texmf-dist/tex/generic/pgf/basiclayer/pgfcoreexternal.code.
tex
File: pgfcoreexternal.code.tex 2014/07/09  (rcs-revision 1.21)
\pgfexternal@startupbox=\box34
))
(/usr/share/texlive/texmf-dist/tex/generic/pgf/basiclayer/pgfcorelayers.code.te
x
File: pgfcorelayers.code.tex 2013/07/18  (rcs-revision 1.7)
)
(/usr/share/texlive/texmf-dist/tex/generic/pgf/basiclayer/pgfcoretransparency.c
ode.tex
File: pgfcoretransparency.code.tex 2013/09/30  (rcs-revision 1.5)
)
(/usr/share/texlive/texmf-dist/tex/generic/pgf/basiclayer/pgfcorepatterns.code.
tex
File: pgfcorepatterns.code.tex 2013/11/07  (rcs-revision 1.5)
)))
(/usr/share/texlive/texmf-dist/tex/generic/pgf/modules/pgfmoduleshapes.code.tex
File: pgfmoduleshapes.code.tex 2014/03/21  (rcs-revision 1.35)
\pgfnodeparttextbox=\box35
) (/usr/share/texlive/texmf-dist/tex/generic/pgf/modules/pgfmoduleplot.code.tex
File: pgfmoduleplot.code.tex 2015/08/03  (rcs-revision 1.13)
)
(/usr/share/texlive/texmf-dist/tex/latex/pgf/compatibility/pgfcomp-version-0-65
.sty
Package: pgfcomp-version-0-65 2007/07/03 v3.0.1a (rcs-revision 1.7)
\pgf@nodesepstart=\dimen163
\pgf@nodesepend=\dimen164
)
(/usr/share/texlive/texmf-dist/tex/latex/pgf/compatibility/pgfcomp-version-1-18
.sty
Package: pgfcomp-version-1-18 2007/07/23 v3.0.1a (rcs-revision 1.1)
)) (/usr/share/texlive/texmf-dist/tex/latex/pgf/utilities/pgffor.sty
(/usr/share/texlive/texmf-dist/tex/latex/pgf/utilities/pgfkeys.sty
(/usr/share/texlive/texmf-dist/tex/generic/pgf/utilities/pgfkeys.code.tex))
(/usr/share/texlive/texmf-dist/tex/latex/pgf/math/pgfmath.sty
(/usr/share/texlive/texmf-dist/tex/generic/pgf/math/pgfmath.code.tex))
(/usr/share/texlive/texmf-dist/tex/generic/pgf/utilities/pgffor.code.tex
Package: pgffor 2013/12/13 v3.0.1a (rcs-revision 1.25)

(/usr/share/texlive/texmf-dist/tex/generic/pgf/math/pgfmath.code.tex)
\pgffor@iter=\dimen165
\pgffor@skip=\dimen166
\pgffor@stack=\toks31
\pgffor@toks=\toks32
))
(/usr/share/texlive/texmf-dist/tex/generic/pgf/frontendlayer/tikz/tikz.code.tex
Package: tikz 2015/08/07 v3.0.1a (rcs-revision 1.151)

(/usr/share/texlive/texmf-dist/tex/generic/pgf/libraries/pgflibraryplothandlers
.code.tex
File: pgflibraryplothandlers.code.tex 2013/08/31 v3.0.1a (rcs-revision 1.20)
\pgf@plot@mark@count=\count118
\pgfplotmarksize=\dimen167
)
\tikz@lastx=\dimen168
\tikz@lasty=\dimen169
\tikz@lastxsaved=\dimen170
\tikz@lastysaved=\dimen171
\tikzleveldistance=\dimen172
\tikzsiblingdistance=\dimen173
\tikz@figbox=\box36
\tikz@figbox@bg=\box37
\tikz@tempbox=\box38
\tikz@tempbox@bg=\box39
\tikztreelevel=\count119
\tikznumberofchildren=\count120
\tikznumberofcurrentchild=\count121
\tikz@fig@count=\count122

(/usr/share/texlive/texmf-dist/tex/generic/pgf/modules/pgfmodulematrix.code.tex
File: pgfmodulematrix.code.tex 2013/09/17  (rcs-revision 1.8)
\pgfmatrixcurrentrow=\count123
\pgfmatrixcurrentcolumn=\count124
\pgf@matrix@numberofcolumns=\count125
)
\tikz@expandcount=\count126

(/usr/share/texlive/texmf-dist/tex/generic/pgf/frontendlayer/tikz/libraries/tik
zlibrarytopaths.code.tex
File: tikzlibrarytopaths.code.tex 2008/06/17 v3.0.1a (rcs-revision 1.2)
)))
(/usr/share/texlive/texmf-dist/tex/generic/pgfplots/pgfplots.code.tex
(/usr/share/texlive/texmf-dist/tex/generic/pgfplots/pgfplotscore.code.tex
\t@pgfplots@toka=\toks33
\t@pgfplots@tokb=\toks34
\t@pgfplots@tokc=\toks35
\pgfplots@tmpa=\dimen174
\c@pgfplots@coordindex=\count127
\c@pgfplots@scanlineindex=\count128

(/usr/share/texlive/texmf-dist/tex/generic/pgfplots/sys/pgfplotssysgeneric.code
.tex))
(/usr/share/texlive/texmf-dist/tex/generic/pgfplots/libs/pgfplotslibrary.code.t
ex)
(/usr/share/texlive/texmf-dist/tex/generic/pgfplots/oldpgfcompatib/pgfplotsoldp
gfsupp_loader.code.tex
(/usr/share/texlive/texmf-dist/tex/generic/pgf/libraries/pgflibraryfpu.code.tex
)
Package pgfplots: loading complementary arithmetics for your pgf version...

(/usr/share/texlive/texmf-dist/tex/generic/pgfplots/oldpgfcompatib/pgfplotsoldp
gfsupp_pgflibraryfpu.code.tex)
(/usr/share/texlive/texmf-dist/tex/generic/pgfplots/oldpgfcompatib/pgfplotsoldp
gfsupp_pgfmathfloat.code.tex
\c@pgfmathroundto@lastzeros=\count129
))
(/usr/share/texlive/texmf-dist/tex/generic/pgfplots/util/pgfplotsutil.code.tex
(/usr/share/texlive/texmf-dist/tex/generic/pgfplots/liststructure/pgfplotslists
tructure.code.tex)
(/usr/share/texlive/texmf-dist/tex/generic/pgfplots/liststructure/pgfplotslists
tructureext.code.tex)
(/usr/share/texlive/texmf-dist/tex/generic/pgfplots/liststructure/pgfplotsarray
.code.tex
\c@pgfplotsarray@tmp=\count130
)
(/usr/share/texlive/texmf-dist/tex/generic/pgfplots/liststructure/pgfplotsmatri
x.code.tex)
(/usr/share/texlive/texmf-dist/tex/generic/pgfplots/numtable/pgfplotstableshare
d.code.tex
\c@pgfplotstable@counta=\count131
\t@pgfplotstable@a=\toks36
)
(/usr/share/texlive/texmf-dist/tex/generic/pgfplots/liststructure/pgfplotsdeque
.code.tex)
(/usr/share/texlive/texmf-dist/tex/generic/pgfplots/util/pgfplotsbinary.code.te
x
(/usr/share/texlive/texmf-dist/tex/generic/pgfplots/util/pgfplotsbinary.data.co
de.tex))
(/usr/share/texlive/texmf-dist/tex/generic/pgfplots/util/pgfplotsutil.verb.code
.tex)
(/usr/share/texlive/texmf-dist/tex/generic/pgfplots/libs/pgflibrarypgfplots.sur
fshading.code.tex
\c@pgfplotslibrarysurf@no=\count132

(/usr/share/texlive/texmf-dist/tex/generic/pgfplots/sys/pgflibrarypgfplots.surf
shading.pgfsys-pdftex.def)))
(/usr/share/texlive/texmf-dist/tex/generic/pgfplots/util/pgfplotscolormap.code.
tex
(/usr/share/texlive/texmf-dist/tex/generic/pgfplots/util/pgfplotscolor.code.tex
))
(/usr/share/texlive/texmf-dist/tex/generic/pgfplots/pgfplotsstackedplots.code.t
ex)
(/usr/share/texlive/texmf-dist/tex/generic/pgfplots/pgfplotsplothandlers.code.t
ex
(/usr/share/texlive/texmf-dist/tex/generic/pgfplots/pgfplotsmeshplothandler.cod
e.tex
(/usr/share/texlive/texmf-dist/tex/generic/pgfplots/pgfplotsmeshplotimage.code.
tex)))
(/usr/share/texlive/texmf-dist/tex/generic/pgfplots/pgfplots.scaling.code.tex)
(/usr/share/texlive/texmf-dist/tex/generic/pgfplots/pgfplotscoordprocessing.cod
e.tex)
(/usr/share/texlive/texmf-dist/tex/generic/pgfplots/pgfplots.errorbars.code.tex
) (/usr/share/texlive/texmf-dist/tex/generic/pgfplots/pgfplots.markers.code.tex
) (/usr/share/texlive/texmf-dist/tex/generic/pgfplots/pgfplotsticks.code.tex)
(/usr/share/texlive/texmf-dist/tex/generic/pgfplots/pgfplots.paths.code.tex)
(/usr/share/texlive/texmf-dist/tex/generic/pgf/frontendlayer/tikz/libraries/tik
zlibrarydecorations.code.tex
(/usr/share/texlive/texmf-dist/tex/generic/pgf/modules/pgfmoduledecorations.cod
e.tex
\pgfdecoratedcompleteddistance=\dimen175
\pgfdecoratedremainingdistance=\dimen176
\pgfdecoratedinputsegmentcompleteddistance=\dimen177
\pgfdecoratedinputsegmentremainingdistance=\dimen178
\pgf@decorate@distancetomove=\dimen179
\pgf@decorate@repeatstate=\count133
\pgfdecorationsegmentamplitude=\dimen180
\pgfdecorationsegmentlength=\dimen181
)
\tikz@lib@dec@box=\box40
)
(/usr/share/texlive/texmf-dist/tex/generic/pgf/frontendlayer/tikz/libraries/tik
zlibrarydecorations.pathmorphing.code.tex
(/usr/share/texlive/texmf-dist/tex/generic/pgf/libraries/decorations/pgflibrary
decorations.pathmorphing.code.tex))
(/usr/share/texlive/texmf-dist/tex/generic/pgf/frontendlayer/tikz/libraries/tik
zlibrarydecorations.pathreplacing.code.tex
(/usr/share/texlive/texmf-dist/tex/generic/pgf/libraries/decorations/pgflibrary
decorations.pathreplacing.code.tex))
\pgfplots@numplots=\count134
\pgfplots@xmin@reg=\dimen182
\pgfplots@xmax@reg=\dimen183
\pgfplots@ymin@reg=\dimen184
\pgfplots@ymax@reg=\dimen185
\pgfplots@zmin@reg=\dimen186
\pgfplots@zmax@reg=\dimen187
)
(/usr/share/texlive/texmf-dist/tex/generic/pgf/frontendlayer/tikz/libraries/tik
zlibraryplotmarks.code.tex
File: tikzlibraryplotmarks.code.tex 2008/01/09 v3.0.1a (rcs-revision 1.1)

(/usr/share/texlive/texmf-dist/tex/generic/pgf/libraries/pgflibraryplotmarks.co
de.tex
File: pgflibraryplotmarks.code.tex 2015/08/03 v3.0.1a (rcs-revision 1.14)
))) (/usr/share/texlive/texmf-dist/tex/latex/oberdiek/epstopdf.sty
Package: epstopdf 2010/02/09 v2.5 Conversion with epstopdf on the fly (HO)

(/usr/share/texlive/texmf-dist/tex/latex/oberdiek/epstopdf-base.sty
Package: epstopdf-base 2010/02/09 v2.5 Base part for package epstopdf

(/usr/share/texlive/texmf-dist/tex/latex/oberdiek/grfext.sty
Package: grfext 2010/08/19 v1.1 Manage graphics extensions (HO)

(/usr/share/texlive/texmf-dist/tex/generic/oberdiek/kvdefinekeys.sty
Package: kvdefinekeys 2011/04/07 v1.3 Define keys (HO)
))
(/usr/share/texlive/texmf-dist/tex/latex/oberdiek/kvoptions.sty
Package: kvoptions 2011/06/30 v3.11 Key value format for package options (HO)

(/usr/share/texlive/texmf-dist/tex/generic/oberdiek/kvsetkeys.sty
Package: kvsetkeys 2012/04/25 v1.16 Key value parser (HO)

(/usr/share/texlive/texmf-dist/tex/generic/oberdiek/etexcmds.sty
Package: etexcmds 2011/02/16 v1.5 Avoid name clashes with e-TeX commands (HO)

(/usr/share/texlive/texmf-dist/tex/generic/oberdiek/ifluatex.sty
Package: ifluatex 2010/03/01 v1.3 Provides the ifluatex switch (HO)
Package ifluatex Info: LuaTeX not detected.
)
Package etexcmds Info: Could not find \expanded.
(etexcmds)             That can mean that you are not using pdfTeX 1.50 or
(etexcmds)             that some package has redefined \expanded.
(etexcmds)             In the latter case, load this package earlier.
)))
(/usr/share/texlive/texmf-dist/tex/generic/oberdiek/pdftexcmds.sty
Package: pdftexcmds 2011/11/29 v0.20 Utility functions of pdfTeX for LuaTeX (HO
)

(/usr/share/texlive/texmf-dist/tex/generic/oberdiek/ifpdf.sty
Package: ifpdf 2011/01/30 v2.3 Provides the ifpdf switch (HO)
Package ifpdf Info: pdfTeX in PDF mode is detected.
)
Package pdftexcmds Info: LuaTeX not detected.
Package pdftexcmds Info: \pdf@primitive is available.
Package pdftexcmds Info: \pdf@ifprimitive is available.
Package pdftexcmds Info: \pdfdraftmode found.
)
Package grfext Info: Graphics extension search list:
(grfext)             [.png,.pdf,.jpg,.mps,.jpeg,.jbig2,.jb2,.PNG,.PDF,.JPG,.JPE
G,.JBIG2,.JB2,.eps]
(grfext)             \AppendGraphicsExtensions on input line 452.

(/usr/share/texlive/texmf-dist/tex/latex/latexconfig/epstopdf-sys.cfg
File: epstopdf-sys.cfg 2010/07/13 v1.3 Configuration of (r)epstopdf for TeX Liv
e
)))
(/usr/share/texlive/texmf-dist/tex/latex/cite/cite.sty
LaTeX Info: Redefining \cite on input line 302.
LaTeX Info: Redefining \nocite on input line 332.
Package: cite 2015/02/27  v 5.5
)
\c@definition=\count135
 (./HW2.aux)
\openout1 = `HW2.aux'.

LaTeX Font Info:    Checking defaults for OML/cmm/m/it on input line 69.
LaTeX Font Info:    ... okay on input line 69.
LaTeX Font Info:    Checking defaults for T1/cmr/m/n on input line 69.
LaTeX Font Info:    ... okay on input line 69.
LaTeX Font Info:    Checking defaults for OT1/cmr/m/n on input line 69.
LaTeX Font Info:    ... okay on input line 69.
LaTeX Font Info:    Checking defaults for OMS/cmsy/m/n on input line 69.
LaTeX Font Info:    ... okay on input line 69.
LaTeX Font Info:    Checking defaults for OMX/cmex/m/n on input line 69.
LaTeX Font Info:    ... okay on input line 69.
LaTeX Font Info:    Checking defaults for U/cmr/m/n on input line 69.
LaTeX Font Info:    ... okay on input line 69.

(/usr/share/texlive/texmf-dist/tex/context/base/supp-pdf.mkii
[Loading MPS to PDF converter (version 2006.09.02).]
\scratchcounter=\count136
\scratchdimen=\dimen188
\scratchbox=\box41
\nofMPsegments=\count137
\nofMParguments=\count138
\everyMPshowfont=\toks37
\MPscratchCnt=\count139
\MPscratchDim=\dimen189
\MPnumerator=\count140
\makeMPintoPDFobject=\count141
\everyMPtoPDFconversion=\toks38
) ABD: EveryShipout initializing macros

Package pgfplots Warning: running in backwards compatibility mode (unsuitable t
ick labels; missing features). Consider writing \pgfplotsset{compat=1.13} into 
your preamble.
 on input line 69.

\c@theoremMyThesis=\count142
\c@corollary=\count143
\c@problemStatement=\count144
LaTeX Font Info:    Try loading font information for U+msa on input line 75.
(/usr/share/texlive/texmf-dist/tex/latex/amsfonts/umsa.fd
File: umsa.fd 2013/01/14 v3.01 AMS symbols A
)
LaTeX Font Info:    Try loading font information for U+msb on input line 75.

(/usr/share/texlive/texmf-dist/tex/latex/amsfonts/umsb.fd
File: umsb.fd 2013/01/14 v3.01 AMS symbols B
)
LaTeX Font Info:    Try loading font information for OT1+pcr on input line 75.

(/usr/share/texlive/texmf-dist/tex/latex/psnfss/ot1pcr.fd
File: ot1pcr.fd 2001/06/04 font definitions for OT1/pcr.
)
LaTeX Font Info:    Try loading font information for OMS+pcr on input line 75.

(/usr/share/texlive/texmf-dist/tex/latex/psnfss/omspcr.fd
File: omspcr.fd 
)
LaTeX Font Info:    Font shape `OMS/pcr/m/n' in size <9> not available
(Font)              Font shape `OMS/cmsy/m/n' tried instead on input line 75.
 [1{/var/lib/texmf/fonts/map/pdftex/updmap/pdftex.map}


]
Overfull \hbox (2.64572pt too wide) detected at line 183
\OML/cmm/m/it/9 ^^M\OT1/cmr/m/n/9 (\OML/cmm/m/it/9 z[]\OT1/cmr/m/n/9 ) = []
 []

Package epstopdf Info: Source file: <Drawings/data.eps>
(epstopdf)                    date: 2017-04-20 13:53:58
(epstopdf)                    size: 234942 bytes
(epstopdf)             Output file: <Drawings/data-eps-converted-to.pdf>
(epstopdf)                    date: 2017-05-12 12:44:13
(epstopdf)                    size: 62128 bytes
(epstopdf)             Command: <repstopdf --outfile=Drawings/data-eps-converte
d-to.pdf Drawings/data.eps>
(epstopdf)             \includegraphics on input line 212.
Package epstopdf Info: Output file is already uptodate.
<Drawings/data-eps-converted-to.pdf, id=23, 433.62pt x 289.08pt>
File: Drawings/data-eps-converted-to.pdf Graphic file (type pdf)

<use Drawings/data-eps-converted-to.pdf>
Package pdftex.def Info: Drawings/data-eps-converted-to.pdf used on input line 
212.
(pdftex.def)             Requested size: 236.17946pt x 158.54036pt.
Package epstopdf Info: Source file: <Drawings/GMMIteration1.eps>
(epstopdf)                    date: 2017-04-18 16:42:12
(epstopdf)                    size: 90307 bytes
(epstopdf)             Output file: <Drawings/GMMIteration1-eps-converted-to.pd
f>
(epstopdf)                    date: 2017-04-18 17:08:59
(epstopdf)                    size: 34349 bytes
(epstopdf)             Command: <repstopdf --outfile=Drawings/GMMIteration1-eps
-converted-to.pdf Drawings/GMMIteration1.eps>
(epstopdf)             \includegraphics on input line 228.
Package epstopdf Info: Output file is already uptodate.

<Drawings/GMMIteration1-eps-converted-to.pdf, id=24, 433.62pt x 289.08pt>
File: Drawings/GMMIteration1-eps-converted-to.pdf Graphic file (type pdf)

<use Drawings/GMMIteration1-eps-converted-to.pdf>
Package pdftex.def Info: Drawings/GMMIteration1-eps-converted-to.pdf used on in
put line 228.
(pdftex.def)             Requested size: 182.1207pt x 122.253pt.
Package epstopdf Info: Source file: <Drawings/GMMIteration7.eps>
(epstopdf)                    date: 2017-04-18 16:42:57
(epstopdf)                    size: 94464 bytes
(epstopdf)             Output file: <Drawings/GMMIteration7-eps-converted-to.pd
f>
(epstopdf)                    date: 2017-04-18 17:08:59
(epstopdf)                    size: 35380 bytes
(epstopdf)             Command: <repstopdf --outfile=Drawings/GMMIteration7-eps
-converted-to.pdf Drawings/GMMIteration7.eps>
(epstopdf)             \includegraphics on input line 229.
Package epstopdf Info: Output file is already uptodate.

<Drawings/GMMIteration7-eps-converted-to.pdf, id=25, 433.62pt x 289.08pt>
File: Drawings/GMMIteration7-eps-converted-to.pdf Graphic file (type pdf)

<use Drawings/GMMIteration7-eps-converted-to.pdf>
Package pdftex.def Info: Drawings/GMMIteration7-eps-converted-to.pdf used on in
put line 229.
(pdftex.def)             Requested size: 182.1207pt x 132.315pt.
Package epstopdf Info: Source file: <Drawings/GMMIteration14.eps>
(epstopdf)                    date: 2017-04-18 16:43:49
(epstopdf)                    size: 99673 bytes
(epstopdf)             Output file: <Drawings/GMMIteration14-eps-converted-to.p
df>
(epstopdf)                    date: 2017-04-18 17:08:59
(epstopdf)                    size: 36910 bytes
(epstopdf)             Command: <repstopdf --outfile=Drawings/GMMIteration14-ep
s-converted-to.pdf Drawings/GMMIteration14.eps>
(epstopdf)             \includegraphics on input line 230.
Package epstopdf Info: Output file is already uptodate.

<Drawings/GMMIteration14-eps-converted-to.pdf, id=26, 433.62pt x 289.08pt>
File: Drawings/GMMIteration14-eps-converted-to.pdf Graphic file (type pdf)

<use Drawings/GMMIteration14-eps-converted-to.pdf>
Package pdftex.def Info: Drawings/GMMIteration14-eps-converted-to.pdf used on i
nput line 230.
(pdftex.def)             Requested size: 182.1207pt x 132.315pt.
Package epstopdf Info: Source file: <Drawings/GMMIteration20.eps>
(epstopdf)                    date: 2017-04-18 16:44:34
(epstopdf)                    size: 100519 bytes
(epstopdf)             Output file: <Drawings/GMMIteration20-eps-converted-to.p
df>
(epstopdf)                    date: 2017-04-18 17:09:00
(epstopdf)                    size: 37198 bytes
(epstopdf)             Command: <repstopdf --outfile=Drawings/GMMIteration20-ep
s-converted-to.pdf Drawings/GMMIteration20.eps>
(epstopdf)             \includegraphics on input line 231.
Package epstopdf Info: Output file is already uptodate.

<Drawings/GMMIteration20-eps-converted-to.pdf, id=27, 433.62pt x 289.08pt>
File: Drawings/GMMIteration20-eps-converted-to.pdf Graphic file (type pdf)

<use Drawings/GMMIteration20-eps-converted-to.pdf>
Package pdftex.def Info: Drawings/GMMIteration20-eps-converted-to.pdf used on i
nput line 231.
(pdftex.def)             Requested size: 182.1207pt x 132.315pt.


LaTeX Warning: Reference `fig:loglikelihookGMM' on page 2 undefined on input li
ne 239.

Package epstopdf Info: Source file: <Drawings/ScatterPlot.eps>
(epstopdf)                    date: 2017-04-18 17:37:30
(epstopdf)                    size: 112806 bytes
(epstopdf)             Output file: <Drawings/ScatterPlot-eps-converted-to.pdf>

(epstopdf)                    date: 2017-04-18 17:41:17
(epstopdf)                    size: 31712 bytes
(epstopdf)             Command: <repstopdf --outfile=Drawings/ScatterPlot-eps-c
onverted-to.pdf Drawings/ScatterPlot.eps>
(epstopdf)             \includegraphics on input line 255.
Package epstopdf Info: Output file is already uptodate.
<Drawings/ScatterPlot-eps-converted-to.pdf, id=28, 492.84125pt x 337.26pt>
File: Drawings/ScatterPlot-eps-converted-to.pdf Graphic file (type pdf)

<use Drawings/ScatterPlot-eps-converted-to.pdf>
Package pdftex.def Info: Drawings/ScatterPlot-eps-converted-to.pdf used on inpu
t line 255.
(pdftex.def)             Requested size: 221.7765pt x 151.7656pt.
 [2 <./Drawings/data-eps-converted-to.pdf>]
Package epstopdf Info: Source file: <Drawings/LevelsClassificationInsight.eps>
(epstopdf)                    date: 2017-04-20 14:40:39
(epstopdf)                    size: 26029 bytes
(epstopdf)             Output file: <Drawings/LevelsClassificationInsight-eps-c
onverted-to.pdf>
(epstopdf)                    date: 2017-05-12 12:44:14
(epstopdf)                    size: 65269 bytes
(epstopdf)             Command: <repstopdf --outfile=Drawings/LevelsClassificat
ionInsight-eps-converted-to.pdf Drawings/LevelsClassificationInsight.eps>
(epstopdf)             \includegraphics on input line 269.
Package epstopdf Info: Output file is already uptodate.

<Drawings/LevelsClassificationInsight-eps-converted-to.pdf, id=49, 433.62pt x 2
89.08pt>
File: Drawings/LevelsClassificationInsight-eps-converted-to.pdf Graphic file (t
ype pdf)
 <use Drawings/LevelsClassificationInsight-eps-converted-to.pdf>
Package pdftex.def Info: Drawings/LevelsClassificationInsight-eps-converted-to.
pdf used on input line 269.
(pdftex.def)             Requested size: 242.70377pt x 158.54036pt.

Overfull \hbox (3.78564pt too wide) in paragraph at lines 269--270
 [][] 
 []


Underfull \vbox (badness 2318) has occurred while \output is active []

Package epstopdf Info: Source file: <Drawings/KMeansIteration1.eps>
(epstopdf)                    date: 2017-04-18 16:49:30
(epstopdf)                    size: 88126 bytes
(epstopdf)             Output file: <Drawings/KMeansIteration1-eps-converted-to
.pdf>
(epstopdf)                    date: 2017-04-18 17:09:00
(epstopdf)                    size: 34222 bytes
(epstopdf)             Command: <repstopdf --outfile=Drawings/KMeansIteration1-
eps-converted-to.pdf Drawings/KMeansIteration1.eps>
(epstopdf)             \includegraphics on input line 298.
Package epstopdf Info: Output file is already uptodate.

<Drawings/KMeansIteration1-eps-converted-to.pdf, id=50, 433.62pt x 289.08pt>
File: Drawings/KMeansIteration1-eps-converted-to.pdf Graphic file (type pdf)

<use Drawings/KMeansIteration1-eps-converted-to.pdf>
Package pdftex.def Info: Drawings/KMeansIteration1-eps-converted-to.pdf used on
 input line 298.
(pdftex.def)             Requested size: 182.1207pt x 122.253pt.
Package epstopdf Info: Source file: <Drawings/KMeansIteration23.eps>
(epstopdf)                    date: 2017-04-18 16:52:16
(epstopdf)                    size: 93311 bytes
(epstopdf)             Output file: <Drawings/KMeansIteration23-eps-converted-t
o.pdf>
(epstopdf)                    date: 2017-04-18 17:09:00
(epstopdf)                    size: 35685 bytes
(epstopdf)             Command: <repstopdf --outfile=Drawings/KMeansIteration23
-eps-converted-to.pdf Drawings/KMeansIteration23.eps>
(epstopdf)             \includegraphics on input line 299.
Package epstopdf Info: Output file is already uptodate.

<Drawings/KMeansIteration23-eps-converted-to.pdf, id=51, 433.62pt x 289.08pt>
File: Drawings/KMeansIteration23-eps-converted-to.pdf Graphic file (type pdf)

<use Drawings/KMeansIteration23-eps-converted-to.pdf>
Package pdftex.def Info: Drawings/KMeansIteration23-eps-converted-to.pdf used o
n input line 299.
(pdftex.def)             Requested size: 182.1207pt x 132.315pt.
Package epstopdf Info: Source file: <Drawings/KMeansIteration38.eps>
(epstopdf)                    date: 2017-04-18 16:54:09
(epstopdf)                    size: 107937 bytes
(epstopdf)             Output file: <Drawings/KMeansIteration38-eps-converted-t
o.pdf>
(epstopdf)                    date: 2017-04-18 17:09:01
(epstopdf)                    size: 39672 bytes
(epstopdf)             Command: <repstopdf --outfile=Drawings/KMeansIteration38
-eps-converted-to.pdf Drawings/KMeansIteration38.eps>
(epstopdf)             \includegraphics on input line 300.
Package epstopdf Info: Output file is already uptodate.

<Drawings/KMeansIteration38-eps-converted-to.pdf, id=52, 433.62pt x 289.08pt>
File: Drawings/KMeansIteration38-eps-converted-to.pdf Graphic file (type pdf)

<use Drawings/KMeansIteration38-eps-converted-to.pdf>
Package pdftex.def Info: Drawings/KMeansIteration38-eps-converted-to.pdf used o
n input line 300.
(pdftex.def)             Requested size: 182.1207pt x 132.315pt.
Package epstopdf Info: Source file: <Drawings/KMeansIteration53.eps>
(epstopdf)                    date: 2017-04-18 16:56:02
(epstopdf)                    size: 103088 bytes
(epstopdf)             Output file: <Drawings/KMeansIteration53-eps-converted-t
o.pdf>
(epstopdf)                    date: 2017-04-18 17:09:01
(epstopdf)                    size: 38333 bytes
(epstopdf)             Command: <repstopdf --outfile=Drawings/KMeansIteration53
-eps-converted-to.pdf Drawings/KMeansIteration53.eps>
(epstopdf)             \includegraphics on input line 301.
Package epstopdf Info: Output file is already uptodate.

<Drawings/KMeansIteration53-eps-converted-to.pdf, id=53, 433.62pt x 289.08pt>
File: Drawings/KMeansIteration53-eps-converted-to.pdf Graphic file (type pdf)

<use Drawings/KMeansIteration53-eps-converted-to.pdf>
Package pdftex.def Info: Drawings/KMeansIteration53-eps-converted-to.pdf used o
n input line 301.
(pdftex.def)             Requested size: 182.1207pt x 132.315pt.
 [3 <./Drawings/GMMIteration1-eps-converted-to.pdf> <./Drawings/GMMIteration7-e
ps-converted-to.pdf> <./Drawings/GMMIteration14-eps-converted-to.pdf> <./Drawin
gs/GMMIteration20-eps-converted-to.pdf> <./Drawings/ScatterPlot-eps-converted-t
o.pdf> <./Drawings/LevelsClassificationInsight-eps-converted-to.pdf>]
Underfull \vbox (badness 2318) has occurred while \output is active []

Package epstopdf Info: Source file: <Drawings/ui_Paths_GMM.eps>
(epstopdf)                    date: 2017-04-20 14:39:02
(epstopdf)                    size: 94263 bytes
(epstopdf)             Output file: <Drawings/ui_Paths_GMM-eps-converted-to.pdf
>
(epstopdf)                    date: 2017-05-12 12:44:14
(epstopdf)                    size: 75077 bytes
(epstopdf)             Command: <repstopdf --outfile=Drawings/ui_Paths_GMM-eps-
converted-to.pdf Drawings/ui_Paths_GMM.eps>
(epstopdf)             \includegraphics on input line 310.
Package epstopdf Info: Output file is already uptodate.

<Drawings/ui_Paths_GMM-eps-converted-to.pdf, id=191, 433.62pt x 289.08pt>
File: Drawings/ui_Paths_GMM-eps-converted-to.pdf Graphic file (type pdf)

<use Drawings/ui_Paths_GMM-eps-converted-to.pdf>
Package pdftex.def Info: Drawings/ui_Paths_GMM-eps-converted-to.pdf used on inp
ut line 310.
(pdftex.def)             Requested size: 202.3529pt x 135.8375pt.
Package epstopdf Info: Source file: <Drawings/ui_Paths_K_MEANS.eps>
(epstopdf)                    date: 2017-04-20 15:01:23
(epstopdf)                    size: 94237 bytes
(epstopdf)             Output file: <Drawings/ui_Paths_K_MEANS-eps-converted-to
.pdf>
(epstopdf)                    date: 2017-05-12 12:44:14
(epstopdf)                    size: 74942 bytes
(epstopdf)             Command: <repstopdf --outfile=Drawings/ui_Paths_K_MEANS-
eps-converted-to.pdf Drawings/ui_Paths_K_MEANS.eps>
(epstopdf)             \includegraphics on input line 311.
Package epstopdf Info: Output file is already uptodate.

<Drawings/ui_Paths_K_MEANS-eps-converted-to.pdf, id=192, 433.62pt x 289.08pt>
File: Drawings/ui_Paths_K_MEANS-eps-converted-to.pdf Graphic file (type pdf)

<use Drawings/ui_Paths_K_MEANS-eps-converted-to.pdf>
Package pdftex.def Info: Drawings/ui_Paths_K_MEANS-eps-converted-to.pdf used on
 input line 311.
(pdftex.def)             Requested size: 202.3529pt x 135.8375pt.
Package epstopdf Info: Source file: <Drawings/EvolutionMuDisplacement_GMM.eps>
(epstopdf)                    date: 2017-04-20 14:39:04
(epstopdf)                    size: 39115 bytes
(epstopdf)             Output file: <Drawings/EvolutionMuDisplacement_GMM-eps-c
onverted-to.pdf>
(epstopdf)                    date: 2017-05-12 12:44:15
(epstopdf)                    size: 26222 bytes
(epstopdf)             Command: <repstopdf --outfile=Drawings/EvolutionMuDispla
cement_GMM-eps-converted-to.pdf Drawings/EvolutionMuDisplacement_GMM.eps>
(epstopdf)             \includegraphics on input line 312.
Package epstopdf Info: Output file is already uptodate.

<Drawings/EvolutionMuDisplacement_GMM-eps-converted-to.pdf, id=193, 433.62pt x 
289.08pt>
File: Drawings/EvolutionMuDisplacement_GMM-eps-converted-to.pdf Graphic file (t
ype pdf)
 <use Drawings/EvolutionMuDisplacement_GMM-eps-converted-to.pdf>
Package pdftex.def Info: Drawings/EvolutionMuDisplacement_GMM-eps-converted-to.
pdf used on input line 312.
(pdftex.def)             Requested size: 202.3529pt x 147.01758pt.
Package epstopdf Info: Source file: <Drawings/EvolutionMuDisplacement_K_MEANS.e
ps>
(epstopdf)                    date: 2017-04-18 16:57:03
(epstopdf)                    size: 37862 bytes
(epstopdf)             Output file: <Drawings/EvolutionMuDisplacement_K_MEANS-e
ps-converted-to.pdf>
(epstopdf)                    date: 2017-04-18 17:09:03
(epstopdf)                    size: 29521 bytes
(epstopdf)             Command: <repstopdf --outfile=Drawings/EvolutionMuDispla
cement_K_MEANS-eps-converted-to.pdf Drawings/EvolutionMuDisplacement_K_MEANS.ep
s>
(epstopdf)             \includegraphics on input line 313.
Package epstopdf Info: Output file is already uptodate.

<Drawings/EvolutionMuDisplacement_K_MEANS-eps-converted-to.pdf, id=194, 433.62p
t x 289.08pt>
File: Drawings/EvolutionMuDisplacement_K_MEANS-eps-converted-to.pdf Graphic fil
e (type pdf)

<use Drawings/EvolutionMuDisplacement_K_MEANS-eps-converted-to.pdf>
Package pdftex.def Info: Drawings/EvolutionMuDisplacement_K_MEANS-eps-converted
-to.pdf used on input line 313.
(pdftex.def)             Requested size: 202.3529pt x 147.01758pt.
Package epstopdf Info: Source file: <Drawings/loglikelihookGMMTheOne.eps>
(epstopdf)                    date: 2017-04-27 15:49:40
(epstopdf)                    size: 20845 bytes
(epstopdf)             Output file: <Drawings/loglikelihookGMMTheOne-eps-conver
ted-to.pdf>
(epstopdf)                    date: 2017-05-12 12:46:09
(epstopdf)                    size: 13162 bytes
(epstopdf)             Command: <repstopdf --outfile=Drawings/loglikelihookGMMT
heOne-eps-converted-to.pdf Drawings/loglikelihookGMMTheOne.eps>
(epstopdf)             \includegraphics on input line 314.
Package epstopdf Info: Output file is already uptodate.

<Drawings/loglikelihookGMMTheOne-eps-converted-to.pdf, id=195, 433.62pt x 289.0
8pt>
File: Drawings/loglikelihookGMMTheOne-eps-converted-to.pdf Graphic file (type p
df)
 <use Drawings/loglikelihookGMMTheOne-eps-converted-to.pdf>
Package pdftex.def Info: Drawings/loglikelihookGMMTheOne-eps-converted-to.pdf u
sed on input line 314.
(pdftex.def)             Requested size: 202.3529pt x 147.01758pt.
Package epstopdf Info: Source file: <Drawings/ProbabilityAssigment.eps>
(epstopdf)                    date: 2017-04-18 22:19:37
(epstopdf)                    size: 18433 bytes
(epstopdf)             Output file: <Drawings/ProbabilityAssigment-eps-converte
d-to.pdf>
(epstopdf)                    date: 2017-04-18 22:23:52
(epstopdf)                    size: 9034 bytes
(epstopdf)             Command: <repstopdf --outfile=Drawings/ProbabilityAssigm
ent-eps-converted-to.pdf Drawings/ProbabilityAssigment.eps>
(epstopdf)             \includegraphics on input line 340.
Package epstopdf Info: Output file is already uptodate.

<Drawings/ProbabilityAssigment-eps-converted-to.pdf, id=196, 433.62pt x 289.08p
t>
File: Drawings/ProbabilityAssigment-eps-converted-to.pdf Graphic file (type pdf
)
 <use Drawings/ProbabilityAssigment-eps-converted-to.pdf>
Package pdftex.def Info: Drawings/ProbabilityAssigment-eps-converted-to.pdf use
d on input line 340.
(pdftex.def)             Requested size: 245.96593pt x 158.54036pt.

Overfull \hbox (7.0478pt too wide) in paragraph at lines 340--341
 [][] 
 []


Underfull \hbox (badness 1552) in paragraph at lines 353--356
\OT1/ptm/m/n/10 max-i-mum of an in-creas-ing func-tion such as the log-
 []

[4 <./Drawings/KMeansIteration1-eps-converted-to.pdf> <./Drawings/KMeansIterati
on23-eps-converted-to.pdf> <./Drawings/KMeansIteration38-eps-converted-to.pdf> 
<./Drawings/KMeansIteration53-eps-converted-to.pdf>]
Underfull \vbox (badness 10000) has occurred while \output is active []

 (./HW2.bbl)

** Conference Paper **
Before submitting the final camera ready copy, remember to:

 1. Manually equalize the lengths of two columns on the last page
 of your paper;

 2. Ensure that any PostScript and/or PDF output post-processing
 uses only Type 1 fonts and that every step in the generation
 process uses the US letter (8.5in X 11in) paper size.

[5 <./Drawings/ui_Paths_GMM-eps-converted-to.pdf> <./Drawings/ui_Paths_K_MEANS-
eps-converted-to.pdf> <./Drawings/EvolutionMuDisplacement_GMM-eps-converted-to.
pdf> <./Drawings/EvolutionMuDisplacement_K_MEANS-eps-converted-to.pdf> <./Drawi
ngs/loglikelihookGMMTheOne-eps-converted-to.pdf>] [6

 <./Drawings/ProbabilityAssigment-eps-converted-to.pdf>] (./HW2.aux)

LaTeX Warning: There were undefined references.

 ) 
Here is how much of TeX's memory you used:
 22739 strings out of 493029
 576822 string characters out of 6136234
 760016 words of memory out of 5000000
 25833 multiletter control sequences out of 15000+600000
 45795 words of font info for 101 fonts, out of 8000000 for 9000
 1141 hyphenation exceptions out of 8191
 62i,9n,77p,1311b,609s stack positions out of 5000i,500n,10000p,200000b,80000s
{/usr/share/texlive/texmf-dist/fonts/enc/dvips/base/8r.enc}</usr/share/texliv
e/texmf-dist/fonts/type1/public/amsfonts/cm/cmbx10.pfb></usr/share/texlive/texm
f-dist/fonts/type1/public/amsfonts/cm/cmex10.pfb></usr/share/texlive/texmf-dist
/fonts/type1/public/amsfonts/cmextra/cmex9.pfb></usr/share/texlive/texmf-dist/f
onts/type1/public/amsfonts/cm/cmmi10.pfb></usr/share/texlive/texmf-dist/fonts/t
ype1/public/amsfonts/cm/cmmi5.pfb></usr/share/texlive/texmf-dist/fonts/type1/pu
blic/amsfonts/cm/cmmi6.pfb></usr/share/texlive/texmf-dist/fonts/type1/public/am
sfonts/cm/cmmi7.pfb></usr/share/texlive/texmf-dist/fonts/type1/public/amsfonts/
cm/cmmi8.pfb></usr/share/texlive/texmf-dist/fonts/type1/public/amsfonts/cm/cmmi
9.pfb></usr/share/texlive/texmf-dist/fonts/type1/public/amsfonts/cm/cmr10.pfb><
/usr/share/texlive/texmf-dist/fonts/type1/public/amsfonts/cm/cmr6.pfb></usr/sha
re/texlive/texmf-dist/fonts/type1/public/amsfonts/cm/cmr7.pfb></usr/share/texli
ve/texmf-dist/fonts/type1/public/amsfonts/cm/cmr8.pfb></usr/share/texlive/texmf
-dist/fonts/type1/public/amsfonts/cm/cmr9.pfb></usr/share/texlive/texmf-dist/fo
nts/type1/public/amsfonts/cm/cmsy10.pfb></usr/share/texlive/texmf-dist/fonts/ty
pe1/public/amsfonts/cm/cmsy6.pfb></usr/share/texlive/texmf-dist/fonts/type1/pub
lic/amsfonts/cm/cmsy9.pfb></usr/share/texlive/texmf-dist/fonts/type1/public/ams
fonts/symbols/msbm10.pfb></usr/share/texlive/texmf-dist/fonts/type1/urw/courier
/ucrr8a.pfb></usr/share/texlive/texmf-dist/fonts/type1/urw/times/utmb8a.pfb></u
sr/share/texlive/texmf-dist/fonts/type1/urw/times/utmbi8a.pfb></usr/share/texli
ve/texmf-dist/fonts/type1/urw/times/utmr8a.pfb></usr/share/texlive/texmf-dist/f
onts/type1/urw/times/utmri8a.pfb>
Output written on HW2.pdf (6 pages, 855965 bytes).
PDF statistics:
 523 PDF objects out of 1000 (max. 8388607)
 155 compressed objects within 2 object streams
 0 named destinations out of 1000 (max. 500000)
 98 words of extra memory for PDF output out of 10000 (max. 10000000)

